This is pdfTeX, Version 3.1415926-2.4-1.40.13 (TeX Live 2012/Debian) (format=pdflatex 2013.1.29)  25 SEP 2013 21:36
entering extended mode
 restricted \write18 enabled.
 %&-line parsing enabled.
**project1.tex
(./project1.tex
LaTeX2e <2011/06/27>
Babel <v3.8m> and hyphenation patterns for english, dumylang, nohyphenation, et
hiopic, farsi, arabic, pinyin, croatian, bulgarian, ukrainian, russian, slovak,
 czech, danish, dutch, usenglishmax, ukenglish, finnish, french, basque, ngerma
n, german, swissgerman, ngerman-x-2012-05-30, german-x-2012-05-30, monogreek, g
reek, ibycus, ancientgreek, hungarian, bengali, tamil, hindi, telugu, gujarati,
 sanskrit, malayalam, kannada, assamese, marathi, oriya, panjabi, italian, lati
n, latvian, lithuanian, mongolian, mongolianlmc, nynorsk, bokmal, indonesian, e
speranto, coptic, welsh, irish, interlingua, serbian, serbianc, slovenian, friu
lan, romansh, estonian, romanian, armenian, uppersorbian, turkish, afrikaans, i
celandic, kurmanji, polish, portuguese, galician, catalan, spanish, swedish, th
ai, loaded.
(/usr/share/texlive/texmf-dist/tex/latex/base/article.cls
Document Class: article 2007/10/19 v1.4h Standard LaTeX document class
(/usr/share/texlive/texmf-dist/tex/latex/base/size10.clo
File: size10.clo 2007/10/19 v1.4h Standard LaTeX file (size option)
)
\c@part=\count79
\c@section=\count80
\c@subsection=\count81
\c@subsubsection=\count82
\c@paragraph=\count83
\c@subparagraph=\count84
\c@figure=\count85
\c@table=\count86
\abovecaptionskip=\skip41
\belowcaptionskip=\skip42
\bibindent=\dimen102
)
(/usr/share/texlive/texmf-dist/tex/latex/graphics/graphicx.sty
Package: graphicx 1999/02/16 v1.0f Enhanced LaTeX Graphics (DPC,SPQR)

(/usr/share/texlive/texmf-dist/tex/latex/graphics/keyval.sty
Package: keyval 1999/03/16 v1.13 key=value parser (DPC)
\KV@toks@=\toks14
)
(/usr/share/texlive/texmf-dist/tex/latex/graphics/graphics.sty
Package: graphics 2009/02/05 v1.0o Standard LaTeX Graphics (DPC,SPQR)

(/usr/share/texlive/texmf-dist/tex/latex/graphics/trig.sty
Package: trig 1999/03/16 v1.09 sin cos tan (DPC)
)
(/usr/share/texlive/texmf-dist/tex/latex/latexconfig/graphics.cfg
File: graphics.cfg 2010/04/23 v1.9 graphics configuration of TeX Live
)
Package graphics Info: Driver file: pdftex.def on input line 91.

(/usr/share/texlive/texmf-dist/tex/latex/pdftex-def/pdftex.def
File: pdftex.def 2011/05/27 v0.06d Graphics/color for pdfTeX

(/usr/share/texlive/texmf-dist/tex/generic/oberdiek/infwarerr.sty
Package: infwarerr 2010/04/08 v1.3 Providing info/warning/error messages (HO)
)
(/usr/share/texlive/texmf-dist/tex/generic/oberdiek/ltxcmds.sty
Package: ltxcmds 2011/11/09 v1.22 LaTeX kernel commands for general use (HO)
)
\Gread@gobject=\count87
))
\Gin@req@height=\dimen103
\Gin@req@width=\dimen104
)
(/usr/share/texlive/texmf-dist/tex/latex/float/float.sty
Package: float 2001/11/08 v1.3d Float enhancements (AL)
\c@float@type=\count88
\float@exts=\toks15
\float@box=\box26
\@float@everytoks=\toks16
\@floatcapt=\box27
)
(/usr/share/texlive/texmf-dist/tex/latex/comment/comment.sty
\CommentStream=\write3

Excluding comment 'comment')
(/usr/share/texlive/texmf-dist/tex/latex/fancyvrb/fancyvrb.sty
Package: fancyvrb 2008/02/07

Style option: `fancyvrb' v2.7a, with DG/SPQR fixes, and firstline=lastline fix 
<2008/02/07> (tvz)
\FV@CodeLineNo=\count89
\FV@InFile=\read1
\FV@TabBox=\box28
\c@FancyVerbLine=\count90
\FV@StepNumber=\count91
\FV@OutFile=\write4
)
(/usr/share/texlive/texmf-dist/tex/latex/booktabs/booktabs.sty
Package: booktabs 2005/04/14 v1.61803 publication quality tables
\heavyrulewidth=\dimen105
\lightrulewidth=\dimen106
\cmidrulewidth=\dimen107
\belowrulesep=\dimen108
\belowbottomsep=\dimen109
\aboverulesep=\dimen110
\abovetopsep=\dimen111
\cmidrulesep=\dimen112
\cmidrulekern=\dimen113
\defaultaddspace=\dimen114
\@cmidla=\count92
\@cmidlb=\count93
\@aboverulesep=\dimen115
\@belowrulesep=\dimen116
\@thisruleclass=\count94
\@lastruleclass=\count95
\@thisrulewidth=\dimen117
)
(/usr/share/texlive/texmf-dist/tex/latex/graphics/color.sty
Package: color 2005/11/14 v1.0j Standard LaTeX Color (DPC)

(/usr/share/texlive/texmf-dist/tex/latex/latexconfig/color.cfg
File: color.cfg 2007/01/18 v1.5 color configuration of teTeX/TeXLive
)
Package color Info: Driver file: pdftex.def on input line 130.

(/usr/share/texlive/texmf-dist/tex/latex/graphics/dvipsnam.def
File: dvipsnam.def 1999/02/16 v3.0i Driver-dependant file (DPC,SPQR)
))
(/usr/share/texlive/texmf-dist/tex/latex/caption/caption.sty
Package: caption 2012/02/19 v3.2f Customizing captions (AR)

(/usr/share/texlive/texmf-dist/tex/latex/caption/caption3.sty
Package: caption3 2012/01/12 v1.4b caption3 kernel (AR)
\captionmargin=\dimen118
\captionmargin@=\dimen119
\captionwidth=\dimen120
\caption@indent=\dimen121
\caption@parindent=\dimen122
\caption@hangindent=\dimen123
)
\c@ContinuedFloat=\count96
Package caption Info: float package is loaded.
)
(/usr/share/texlive/texmf-dist/tex/latex/algorithms/algorithm.sty
Package: algorithm 2009/08/24 v0.1 Document Style `algorithm' - floating enviro
nment

(/usr/share/texlive/texmf-dist/tex/latex/base/ifthen.sty
Package: ifthen 2001/05/26 v1.1c Standard LaTeX ifthen package (DPC)
)
\@float@every@algorithm=\toks17
\c@algorithm=\count97
)
(/usr/share/texlive/texmf-dist/tex/latex/base/fontenc.sty
Package: fontenc 2005/09/27 v1.99g Standard LaTeX package

(/usr/share/texlive/texmf-dist/tex/latex/base/t1enc.def
File: t1enc.def 2005/09/27 v1.99g Standard LaTeX file
LaTeX Font Info:    Redeclaring font encoding T1 on input line 43.
))
(/usr/share/texlive/texmf-dist/tex/latex/algorithmicx/algpseudocode.sty
Package: algpseudocode 

(/usr/share/texlive/texmf-dist/tex/latex/algorithmicx/algorithmicx.sty
Package: algorithmicx 2005/04/27 v1.2 Algorithmicx

Document Style algorithmicx 1.2 - a greatly improved `algorithmic' style
\c@ALG@line=\count98
\c@ALG@rem=\count99
\c@ALG@nested=\count100
\ALG@tlm=\skip43
\ALG@thistlm=\skip44
\c@ALG@Lnr=\count101
\c@ALG@blocknr=\count102
\c@ALG@storecount=\count103
\c@ALG@tmpcounter=\count104
\ALG@tmplength=\skip45
)
Document Style - pseudocode environments for use with the `algorithmicx' style
) (/usr/share/texlive/texmf-dist/tex/latex/geometry/geometry.sty
Package: geometry 2010/09/12 v5.6 Page Geometry

(/usr/share/texlive/texmf-dist/tex/generic/oberdiek/ifpdf.sty
Package: ifpdf 2011/01/30 v2.3 Provides the ifpdf switch (HO)
Package ifpdf Info: pdfTeX in PDF mode is detected.
)
(/usr/share/texlive/texmf-dist/tex/generic/oberdiek/ifvtex.sty
Package: ifvtex 2010/03/01 v1.5 Detect VTeX and its facilities (HO)
Package ifvtex Info: VTeX not detected.
)
(/usr/share/texlive/texmf-dist/tex/generic/ifxetex/ifxetex.sty
Package: ifxetex 2010/09/12 v0.6 Provides ifxetex conditional
)
\Gm@cnth=\count105
\Gm@cntv=\count106
\c@Gm@tempcnt=\count107
\Gm@bindingoffset=\dimen124
\Gm@wd@mp=\dimen125
\Gm@odd@mp=\dimen126
\Gm@even@mp=\dimen127
\Gm@layoutwidth=\dimen128
\Gm@layoutheight=\dimen129
\Gm@layouthoffset=\dimen130
\Gm@layoutvoffset=\dimen131
\Gm@dimlist=\toks18
)
(/usr/share/texlive/texmf-dist/tex/latex/hyperref/hyperref.sty
Package: hyperref 2012/05/13 v6.82q Hypertext links for LaTeX

(/usr/share/texlive/texmf-dist/tex/generic/oberdiek/hobsub-hyperref.sty
Package: hobsub-hyperref 2012/05/28 v1.13 Bundle oberdiek, subset hyperref (HO)


(/usr/share/texlive/texmf-dist/tex/generic/oberdiek/hobsub-generic.sty
Package: hobsub-generic 2012/05/28 v1.13 Bundle oberdiek, subset generic (HO)
Package: hobsub 2012/05/28 v1.13 Construct package bundles (HO)
Package hobsub Info: Skipping package `infwarerr' (already loaded).
Package hobsub Info: Skipping package `ltxcmds' (already loaded).
Package: ifluatex 2010/03/01 v1.3 Provides the ifluatex switch (HO)
Package ifluatex Info: LuaTeX not detected.
Package hobsub Info: Skipping package `ifvtex' (already loaded).
Package: intcalc 2007/09/27 v1.1 Expandable calculations with integers (HO)
Package hobsub Info: Skipping package `ifpdf' (already loaded).
Package: etexcmds 2011/02/16 v1.5 Avoid name clashes with e-TeX commands (HO)
Package etexcmds Info: Could not find \expanded.
(etexcmds)             That can mean that you are not using pdfTeX 1.50 or
(etexcmds)             that some package has redefined \expanded.
(etexcmds)             In the latter case, load this package earlier.
Package: kvsetkeys 2012/04/25 v1.16 Key value parser (HO)
Package: kvdefinekeys 2011/04/07 v1.3 Define keys (HO)
Package: pdftexcmds 2011/11/29 v0.20 Utility functions of pdfTeX for LuaTeX (HO
)
Package pdftexcmds Info: LuaTeX not detected.
Package pdftexcmds Info: \pdf@primitive is available.
Package pdftexcmds Info: \pdf@ifprimitive is available.
Package pdftexcmds Info: \pdfdraftmode found.
Package: pdfescape 2011/11/25 v1.13 Implements pdfTeX's escape features (HO)
Package: bigintcalc 2012/04/08 v1.3 Expandable calculations on big integers (HO
)
Package: bitset 2011/01/30 v1.1 Handle bit-vector datatype (HO)
Package: uniquecounter 2011/01/30 v1.2 Provide unlimited unique counter (HO)
)
Package hobsub Info: Skipping package `hobsub' (already loaded).
Package: letltxmacro 2010/09/02 v1.4 Let assignment for LaTeX macros (HO)
Package: hopatch 2012/05/28 v1.2 Wrapper for package hooks (HO)
Package: xcolor-patch 2011/01/30 xcolor patch
Package: atveryend 2011/06/30 v1.8 Hooks at the very end of document (HO)
Package atveryend Info: \enddocument detected (standard20110627).
Package: atbegshi 2011/10/05 v1.16 At begin shipout hook (HO)
Package: refcount 2011/10/16 v3.4 Data extraction from label references (HO)
Package: hycolor 2011/01/30 v1.7 Color options for hyperref/bookmark (HO)
)
(/usr/share/texlive/texmf-dist/tex/latex/oberdiek/kvoptions.sty
Package: kvoptions 2011/06/30 v3.11 Key value format for package options (HO)
)
\@linkdim=\dimen132
\Hy@linkcounter=\count108
\Hy@pagecounter=\count109

(/usr/share/texlive/texmf-dist/tex/latex/hyperref/pd1enc.def
File: pd1enc.def 2012/05/13 v6.82q Hyperref: PDFDocEncoding definition (HO)
)
\Hy@SavedSpaceFactor=\count110

(/usr/share/texlive/texmf-dist/tex/latex/latexconfig/hyperref.cfg
File: hyperref.cfg 2002/06/06 v1.2 hyperref configuration of TeXLive
)
Package hyperref Info: Hyper figures OFF on input line 4062.
Package hyperref Info: Link nesting OFF on input line 4067.
Package hyperref Info: Hyper index ON on input line 4070.
Package hyperref Info: Plain pages OFF on input line 4077.
Package hyperref Info: Backreferencing OFF on input line 4082.
Package hyperref Info: Implicit mode ON; LaTeX internals redefined.
Package hyperref Info: Bookmarks ON on input line 4300.
\c@Hy@tempcnt=\count111

(/usr/share/texlive/texmf-dist/tex/latex/url/url.sty
\Urlmuskip=\muskip10
Package: url 2006/04/12  ver 3.3  Verb mode for urls, etc.
)
LaTeX Info: Redefining \url on input line 4653.
\Fld@menulength=\count112
\Field@Width=\dimen133
\Fld@charsize=\dimen134
Package hyperref Info: Hyper figures OFF on input line 5773.
Package hyperref Info: Link nesting OFF on input line 5778.
Package hyperref Info: Hyper index ON on input line 5781.
Package hyperref Info: backreferencing OFF on input line 5788.
Package hyperref Info: Link coloring OFF on input line 5793.
Package hyperref Info: Link coloring with OCG OFF on input line 5798.
Package hyperref Info: PDF/A mode OFF on input line 5803.
LaTeX Info: Redefining \ref on input line 5843.
LaTeX Info: Redefining \pageref on input line 5847.
\Hy@abspage=\count113
\c@Item=\count114
\c@Hfootnote=\count115
)

Package hyperref Message: Driver (autodetected): hpdftex.

(/usr/share/texlive/texmf-dist/tex/latex/hyperref/hpdftex.def
File: hpdftex.def 2012/05/13 v6.82q Hyperref driver for pdfTeX
\Fld@listcount=\count116
\c@bookmark@seq@number=\count117

(/usr/share/texlive/texmf-dist/tex/latex/oberdiek/rerunfilecheck.sty
Package: rerunfilecheck 2011/04/15 v1.7 Rerun checks for auxiliary files (HO)
Package uniquecounter Info: New unique counter `rerunfilecheck' on input line 2
82.
)
\Hy@SectionHShift=\skip46
)
(/usr/share/texmf/tex/latex/xcolor/xcolor.sty
Package: xcolor 2007/01/21 v2.11 LaTeX color extensions (UK)

(/usr/share/texlive/texmf-dist/tex/latex/latexconfig/color.cfg
File: color.cfg 2007/01/18 v1.5 color configuration of teTeX/TeXLive
)
Package xcolor Info: Driver file: pdftex.def on input line 225.
LaTeX Info: Redefining \color on input line 702.
Package xcolor Info: Model `cmy' substituted by `cmy0' on input line 1337.
Package xcolor Info: Model `hsb' substituted by `rgb' on input line 1341.
Package xcolor Info: Model `RGB' extended on input line 1353.
Package xcolor Info: Model `HTML' substituted by `rgb' on input line 1355.
Package xcolor Info: Model `Hsb' substituted by `hsb' on input line 1356.
Package xcolor Info: Model `tHsb' substituted by `hsb' on input line 1357.
Package xcolor Info: Model `HSB' substituted by `hsb' on input line 1358.
Package xcolor Info: Model `Gray' substituted by `gray' on input line 1359.
Package xcolor Info: Model `wave' substituted by `hsb' on input line 1360.
)
(/usr/share/texlive/texmf-dist/tex/latex/amsmath/amsmath.sty
Package: amsmath 2000/07/18 v2.13 AMS math features
\@mathmargin=\skip47

For additional information on amsmath, use the `?' option.
(/usr/share/texlive/texmf-dist/tex/latex/amsmath/amstext.sty
Package: amstext 2000/06/29 v2.01

(/usr/share/texlive/texmf-dist/tex/latex/amsmath/amsgen.sty
File: amsgen.sty 1999/11/30 v2.0
\@emptytoks=\toks19
\ex@=\dimen135
))
(/usr/share/texlive/texmf-dist/tex/latex/amsmath/amsbsy.sty
Package: amsbsy 1999/11/29 v1.2d
\pmbraise@=\dimen136
)
(/usr/share/texlive/texmf-dist/tex/latex/amsmath/amsopn.sty
Package: amsopn 1999/12/14 v2.01 operator names
)
\inf@bad=\count118
LaTeX Info: Redefining \frac on input line 211.
\uproot@=\count119
\leftroot@=\count120
LaTeX Info: Redefining \overline on input line 307.
\classnum@=\count121
\DOTSCASE@=\count122
LaTeX Info: Redefining \ldots on input line 379.
LaTeX Info: Redefining \dots on input line 382.
LaTeX Info: Redefining \cdots on input line 467.
\Mathstrutbox@=\box29
\strutbox@=\box30
\big@size=\dimen137
LaTeX Font Info:    Redeclaring font encoding OML on input line 567.
LaTeX Font Info:    Redeclaring font encoding OMS on input line 568.
\macc@depth=\count123
\c@MaxMatrixCols=\count124
\dotsspace@=\muskip11
\c@parentequation=\count125
\dspbrk@lvl=\count126
\tag@help=\toks20
\row@=\count127
\column@=\count128
\maxfields@=\count129
\andhelp@=\toks21
\eqnshift@=\dimen138
\alignsep@=\dimen139
\tagshift@=\dimen140
\tagwidth@=\dimen141
\totwidth@=\dimen142
\lineht@=\dimen143
\@envbody=\toks22
\multlinegap=\skip48
\multlinetaggap=\skip49
\mathdisplay@stack=\toks23
LaTeX Info: Redefining \[ on input line 2666.
LaTeX Info: Redefining \] on input line 2667.
)
(/usr/share/texlive/texmf-dist/tex/latex/caption/subcaption.sty
Package: subcaption 2012/01/12 v1.1d Sub-captions (AR)
\c@subfigure=\count130
\c@subtable=\count131
)
Package hyperref Info: Option `colorlinks' set `true' on input line 26.


LaTeX Warning: Unused global option(s):
    [letter].

(./project1.aux)
\openout1 = `project1.aux'.

LaTeX Font Info:    Checking defaults for OML/cmm/m/it on input line 28.
LaTeX Font Info:    ... okay on input line 28.
LaTeX Font Info:    Checking defaults for T1/cmr/m/n on input line 28.
LaTeX Font Info:    ... okay on input line 28.
LaTeX Font Info:    Checking defaults for OT1/cmr/m/n on input line 28.
LaTeX Font Info:    ... okay on input line 28.
LaTeX Font Info:    Checking defaults for OMS/cmsy/m/n on input line 28.
LaTeX Font Info:    ... okay on input line 28.
LaTeX Font Info:    Checking defaults for OMX/cmex/m/n on input line 28.
LaTeX Font Info:    ... okay on input line 28.
LaTeX Font Info:    Checking defaults for U/cmr/m/n on input line 28.
LaTeX Font Info:    ... okay on input line 28.
LaTeX Font Info:    Checking defaults for PD1/pdf/m/n on input line 28.
LaTeX Font Info:    ... okay on input line 28.
 (/usr/share/texlive/texmf-dist/tex/context/base/supp-pdf.mkii
[Loading MPS to PDF converter (version 2006.09.02).]
\scratchcounter=\count132
\scratchdimen=\dimen144
\scratchbox=\box31
\nofMPsegments=\count133
\nofMParguments=\count134
\everyMPshowfont=\toks24
\MPscratchCnt=\count135
\MPscratchDim=\dimen145
\MPnumerator=\count136
\makeMPintoPDFobject=\count137
\everyMPtoPDFconversion=\toks25
) (/usr/share/texlive/texmf-dist/tex/latex/oberdiek/epstopdf-base.sty
Package: epstopdf-base 2010/02/09 v2.5 Base part for package epstopdf

(/usr/share/texlive/texmf-dist/tex/latex/oberdiek/grfext.sty
Package: grfext 2010/08/19 v1.1 Manage graphics extensions (HO)
)
Package grfext Info: Graphics extension search list:
(grfext)             [.png,.pdf,.jpg,.mps,.jpeg,.jbig2,.jb2,.PNG,.PDF,.JPG,.JPE
G,.JBIG2,.JB2,.eps]
(grfext)             \AppendGraphicsExtensions on input line 452.

(/usr/share/texlive/texmf-dist/tex/latex/latexconfig/epstopdf-sys.cfg
File: epstopdf-sys.cfg 2010/07/13 v1.3 Configuration of (r)epstopdf for TeX Liv
e
))
Package caption Info: Begin \AtBeginDocument code.
Package caption Info: hyperref package is loaded.
Package caption Info: End \AtBeginDocument code.

*geometry* driver: auto-detecting
*geometry* detected driver: pdftex
*geometry* verbose mode - [ preamble ] result:
* driver: pdftex
* paper: <default>
* layout: <same size as paper>
* layoutoffset:(h,v)=(0.0pt,0.0pt)
* modes: 
* h-part:(L,W,R)=(72.26999pt, 469.75502pt, 72.26999pt)
* v-part:(T,H,B)=(72.26999pt, 650.43001pt, 72.26999pt)
* \paperwidth=614.295pt
* \paperheight=794.96999pt
* \textwidth=469.75502pt
* \textheight=650.43001pt
* \oddsidemargin=0.0pt
* \evensidemargin=0.0pt
* \topmargin=-37.0pt
* \headheight=12.0pt
* \headsep=25.0pt
* \topskip=10.0pt
* \footskip=30.0pt
* \marginparwidth=65.0pt
* \marginparsep=11.0pt
* \columnsep=10.0pt
* \skip\footins=9.0pt plus 4.0pt minus 2.0pt
* \hoffset=0.0pt
* \voffset=0.0pt
* \mag=1000
* \@twocolumnfalse
* \@twosidefalse
* \@mparswitchfalse
* \@reversemarginfalse
* (1in=72.27pt=25.4mm, 1cm=28.453pt)

\AtBeginShipoutBox=\box32
Package hyperref Info: Link coloring ON on input line 28.
(/usr/share/texlive/texmf-dist/tex/latex/hyperref/nameref.sty
Package: nameref 2010/04/30 v2.40 Cross-referencing by name of section

(/usr/share/texlive/texmf-dist/tex/generic/oberdiek/gettitlestring.sty
Package: gettitlestring 2010/12/03 v1.4 Cleanup title references (HO)
)
\c@section@level=\count138
)
LaTeX Info: Redefining \ref on input line 28.
LaTeX Info: Redefining \pageref on input line 28.
LaTeX Info: Redefining \nameref on input line 28.

(./project1.out) (./project1.out)
\@outlinefile=\write5
\openout5 = `project1.out'.

LaTeX Font Info:    Try loading font information for OMS+cmr on input line 36.

(/usr/share/texlive/texmf-dist/tex/latex/base/omscmr.fd
File: omscmr.fd 1999/05/25 v2.5h Standard LaTeX font definitions
)
LaTeX Font Info:    Font shape `OMS/cmr/m/n' in size <10> not available
(Font)              Font shape `OMS/cmsy/m/n' tried instead on input line 36.


Package xcolor Warning: Incompatible color definition on input line 51.


Package xcolor Warning: Incompatible color definition on input line 51.

LaTeX Font Info:    Try loading font information for T1+cmtt on input line 51.
(/usr/share/texlive/texmf-dist/tex/latex/base/t1cmtt.fd
File: t1cmtt.fd 1999/05/25 v2.5h Standard LaTeX font definitions
)

Package xcolor Warning: Incompatible color definition on input line 51.


Package xcolor Warning: Incompatible color definition on input line 51.


Package xcolor Warning: Incompatible color definition on input line 51.

<images/hanoi1.png, id=45, 396.48125pt x 126.4725pt>
File: images/hanoi1.png Graphic file (type png)
 <use images/hanoi1.png>
Package pdftex.def Info: images/hanoi1.png used on input line 55.
(pdftex.def)             Requested size: 118.94528pt x 37.94203pt.

[1

{/var/lib/texmf/fonts/map/pdftex/updmap/pdftex.map} <./images/hanoi1.png>]

Package xcolor Warning: Incompatible color definition on input line 65.


Package xcolor Warning: Incompatible color definition on input line 76.

<images/hanoi-3.png, id=73, 759.83875pt x 297.11pt>
File: images/hanoi-3.png Graphic file (type png)
 <use images/hanoi-3.png>
Package pdftex.def Info: images/hanoi-3.png used on input line 80.
(pdftex.def)             Requested size: 379.91844pt x 148.55463pt.

Underfull \hbox (badness 10000) in paragraph at lines 87--88

 []

[2 <./images/hanoi-3.png>]
<images/sokoban.png, id=87, 617.30624pt x 461.725pt>
File: images/sokoban.png Graphic file (type png)
 <use images/sokoban.png>
Package pdftex.def Info: images/sokoban.png used on input line 112.
(pdftex.def)             Requested size: 308.65236pt x 230.86194pt.


LaTeX Warning: `h' float specifier changed to `ht'.

[3]

Package xcolor Warning: Incompatible color definition on input line 150.


Package xcolor Warning: Incompatible color definition on input line 151.


Package xcolor Warning: Incompatible color definition on input line 151.


Package xcolor Warning: Incompatible color definition on input line 151.


Package xcolor Warning: Incompatible color definition on input line 151.

<images/FF_Solution_p2_1.png, id=102, 770.88pt x 458.71375pt>
File: images/FF_Solution_p2_1.png Graphic file (type png)

<use images/FF_Solution_p2_1.png>
Package pdftex.def Info: images/FF_Solution_p2_1.png used on input line 155.
(pdftex.def)             Requested size: 308.34654pt x 183.48224pt.


LaTeX Warning: `!h' float specifier changed to `!ht'.

<images/FF_Solution_p2_2.png, id=103, 752.8125pt x 754.82pt>
File: images/FF_Solution_p2_2.png Graphic file (type png)

<use images/FF_Solution_p2_2.png>
Package pdftex.def Info: images/FF_Solution_p2_2.png used on input line 162.
(pdftex.def)             Requested size: 301.11966pt x 301.92265pt.


LaTeX Warning: `!h' float specifier changed to `!ht'.

<images/FF_Solution_p2_3_1.png, id=104, 469.755pt x 740.7675pt>
File: images/FF_Solution_p2_3_1.png Graphic file (type png)

<use images/FF_Solution_p2_3_1.png>
Package pdftex.def Info: images/FF_Solution_p2_3_1.png used on input line 171.
(pdftex.def)             Requested size: 140.92758pt x 222.23196pt.

<images/FF_Solution_p2_3_2.png, id=105, 455.7025pt x 755.82375pt>
File: images/FF_Solution_p2_3_2.png Graphic file (type png)

<use images/FF_Solution_p2_3_2.png>
Package pdftex.def Info: images/FF_Solution_p2_3_2.png used on input line 175.
(pdftex.def)             Requested size: 136.71179pt x 226.74887pt.

<images/FF_Solution_p2_3_3.png, id=106, 761.84625pt x 758.835pt>
File: images/FF_Solution_p2_3_3.png Graphic file (type png)

<use images/FF_Solution_p2_3_3.png>
Package pdftex.def Info: images/FF_Solution_p2_3_3.png used on input line 179.
(pdftex.def)             Requested size: 228.55563pt x 227.65225pt.


LaTeX Warning: `!h' float specifier changed to `!ht'.

<images/FF_Solution_p2_challenge_1.png, id=107, 473.77pt x 741.77126pt>
File: images/FF_Solution_p2_challenge_1.png Graphic file (type png)

<use images/FF_Solution_p2_challenge_1.png>
Package pdftex.def Info: images/FF_Solution_p2_challenge_1.png used on input li
ne 189.
(pdftex.def)             Requested size: 142.1321pt x 222.5331pt.

<images/FF_Solution_p2_challenge_2.png, id=108, 473.77pt x 742.775pt>
File: images/FF_Solution_p2_challenge_2.png Graphic file (type png)

<use images/FF_Solution_p2_challenge_2.png>
Package pdftex.def Info: images/FF_Solution_p2_challenge_2.png used on input li
ne 193.
(pdftex.def)             Requested size: 142.1321pt x 222.83421pt.

<images/FF_Solution_p2_challenge_3.png, id=109, 787.94376pt x 138.5175pt>
File: images/FF_Solution_p2_challenge_3.png Graphic file (type png)

<use images/FF_Solution_p2_challenge_3.png>
Package pdftex.def Info: images/FF_Solution_p2_challenge_3.png used on input li
ne 197.
(pdftex.def)             Requested size: 236.38495pt x 41.55556pt.


LaTeX Warning: `!h' float specifier changed to `!ht'.

[4 <./images/sokoban.png>] [5 <./images/FF_Solution_p2_1.png> <./images/FF_Solu
tion_p2_2.png>]

Package xcolor Warning: Incompatible color definition on input line 222.

[6 <./images/FF_Solution_p2_3_1.png> <./images/FF_Solution_p2_3_2.png> <./image
s/FF_Solution_p2_3_3.png>] [7 <./images/FF_Solution_p2_challenge_1.png> <./imag
es/FF_Solution_p2_challenge_2.png> <./images/FF_Solution_p2_challenge_3.png>]

Package xcolor Warning: Incompatible color definition on input line 241.


Package xcolor Warning: Incompatible color definition on input line 255.


Package xcolor Warning: Incompatible color definition on input line 255.


Package xcolor Warning: Incompatible color definition on input line 255.


Package xcolor Warning: Incompatible color definition on input line 255.

<images/sokoban1.png, id=142, 218.8175pt x 192.72pt>
File: images/sokoban1.png Graphic file (type png)
 <use images/sokoban1.png>
Package pdftex.def Info: images/sokoban1.png used on input line 261.
(pdftex.def)             Requested size: 109.40848pt x 96.35976pt.

<images/sokoban1-plan.png, id=143, 110.4125pt x 256.96pt>
File: images/sokoban1-plan.png Graphic file (type png)

<use images/sokoban1-plan.png>
Package pdftex.def Info: images/sokoban1-plan.png used on input line 265.
(pdftex.def)             Requested size: 55.2061pt x 128.47968pt.

<images/sokoban2.png, id=144, 178.6675pt x 195.73125pt>
File: images/sokoban2.png Graphic file (type png)

<use images/sokoban2.png>
Package pdftex.def Info: images/sokoban2.png used on input line 275.
(pdftex.def)             Requested size: 89.33353pt x 97.86537pt.

<images/sokoban2-plan.png, id=145, 106.3975pt x 289.08pt>
File: images/sokoban2-plan.png Graphic file (type png)

<use images/sokoban2-plan.png>
Package pdftex.def Info: images/sokoban2-plan.png used on input line 279.
(pdftex.def)             Requested size: 53.19861pt x 144.53964pt.


LaTeX Warning: `!h' float specifier changed to `!ht'.

<images/sokoban3.png, id=146, 243.91125pt x 183.68625pt>
File: images/sokoban3.png Graphic file (type png)

<use images/sokoban3.png>
Package pdftex.def Info: images/sokoban3.png used on input line 289.
(pdftex.def)             Requested size: 121.95532pt x 91.84288pt.

<images/sokoban3-plan.png, id=147, 183.68625pt x 292.09125pt>
File: images/sokoban3-plan.png Graphic file (type png)

<use images/sokoban3-plan.png>
Package pdftex.def Info: images/sokoban3-plan.png used on input line 293.
(pdftex.def)             Requested size: 91.84288pt x 146.04526pt.


LaTeX Warning: `!h' float specifier changed to `!ht'.

<images/sokobanC.png, id=148, 212.795pt x 189.70876pt>
File: images/sokobanC.png Graphic file (type png)

<use images/sokobanC.png>
Package pdftex.def Info: images/sokobanC.png used on input line 303.
(pdftex.def)             Requested size: 106.39723pt x 94.85414pt.

<images/sokobanC-plan.png, id=149, 117.43875pt x 296.10625pt>
File: images/sokobanC-plan.png Graphic file (type png)

<use images/sokobanC-plan.png>
Package pdftex.def Info: images/sokobanC-plan.png used on input line 307.
(pdftex.def)             Requested size: 58.71922pt x 148.05275pt.


LaTeX Warning: `!h' float specifier changed to `!ht'.

[8 <./images/sokoban1.png> <./images/sokoban1-plan.png>] [9 <./images/sokoban2.
png> <./images/sokoban2-plan.png> <./images/sokoban3.png> <./images/sokoban3-pl
an.png> <./images/sokobanC.png> <./images/sokobanC-plan.png>]

Package xcolor Warning: Incompatible color definition on input line 337.


Package xcolor Warning: Incompatible color definition on input line 358.


Package xcolor Warning: Incompatible color definition on input line 359.


Package xcolor Warning: Incompatible color definition on input line 359.


Package xcolor Warning: Incompatible color definition on input line 359.


Package xcolor Warning: Incompatible color definition on input line 359.

<images/sokoban1-ans.png, id=171, 177.66376pt x 744.7825pt>
File: images/sokoban1-ans.png Graphic file (type png)

<use images/sokoban1-ans.png>
Package pdftex.def Info: images/sokoban1-ans.png used on input line 362.
(pdftex.def)             Requested size: 62.18324pt x 260.67778pt.
 [10]
<images/sokoban2-ans1.png, id=183, 142.5325pt x 667.49374pt>
File: images/sokoban2-ans1.png Graphic file (type png)

<use images/sokoban2-ans1.png>
Package pdftex.def Info: images/sokoban2-ans1.png used on input line 371.
(pdftex.def)             Requested size: 49.88712pt x 233.62631pt.

<images/sokoban2-ans2.png, id=184, 101.37875pt x 653.44125pt>
File: images/sokoban2-ans2.png Graphic file (type png)

<use images/sokoban2-ans2.png>
Package pdftex.def Info: images/sokoban2-ans2.png used on input line 375.
(pdftex.def)             Requested size: 35.48308pt x 228.70786pt.

<images/sokoban2-ans3.png, id=185, 89.33376pt x 652.4375pt>
File: images/sokoban2-ans3.png Graphic file (type png)

<use images/sokoban2-ans3.png>
Package pdftex.def Info: images/sokoban2-ans3.png used on input line 379.
(pdftex.def)             Requested size: 31.26727pt x 228.35654pt.

<images/sokoban3-ans1.png, id=186, 140.525pt x 672.5125pt>
File: images/sokoban3-ans1.png Graphic file (type png)

<use images/sokoban3-ans1.png>
Package pdftex.def Info: images/sokoban3-ans1.png used on input line 389.
(pdftex.def)             Requested size: 49.18448pt x 235.38289pt.

<images/sokoban3-ans2.png, id=187, 109.40875pt x 653.44125pt>
File: images/sokoban3-ans2.png Graphic file (type png)

<use images/sokoban3-ans2.png>
Package pdftex.def Info: images/sokoban3-ans2.png used on input line 393.
(pdftex.def)             Requested size: 38.29362pt x 228.70786pt.

<images/sokoban3-ans3.png, id=188, 109.40875pt x 814.04124pt>
File: images/sokoban3-ans3.png Graphic file (type png)

<use images/sokoban3-ans3.png>
Package pdftex.def Info: images/sokoban3-ans3.png used on input line 397.
(pdftex.def)             Requested size: 38.29362pt x 284.9187pt.

<images/sokoban3-ans4.png, id=189, 111.41624pt x 814.04124pt>
File: images/sokoban3-ans4.png Graphic file (type png)

<use images/sokoban3-ans4.png>
Package pdftex.def Info: images/sokoban3-ans4.png used on input line 401.
(pdftex.def)             Requested size: 38.99626pt x 284.9187pt.

<images/sokoban3-ans5.png, id=190, 109.40875pt x 812.03375pt>
File: images/sokoban3-ans5.png Graphic file (type png)

<use images/sokoban3-ans5.png>
Package pdftex.def Info: images/sokoban3-ans5.png used on input line 405.
(pdftex.def)             Requested size: 38.29362pt x 284.21606pt.
 [11 <./images/sokoban1-ans.png> <./images/sokoban2-ans1.png> <./images/sokoban
2-ans2.png> <./images/sokoban2-ans3.png>]
<images/sokobanC-ans1.png, id=200, 143.53625pt x 832.10875pt>
File: images/sokobanC-ans1.png Graphic file (type png)

<use images/sokobanC-ans1.png>
Package pdftex.def Info: images/sokobanC-ans1.png used on input line 415.
(pdftex.def)             Requested size: 50.23843pt x 291.24242pt.

<images/sokobanC-ans2.png, id=201, 92.345pt x 814.04124pt>
File: images/sokobanC-ans2.png Graphic file (type png)

<use images/sokobanC-ans2.png>
Package pdftex.def Info: images/sokobanC-ans2.png used on input line 419.
(pdftex.def)             Requested size: 32.32123pt x 284.9187pt.

<images/sokobanC-ans3.png, id=202, 96.36pt x 814.04124pt>
File: images/sokobanC-ans3.png Graphic file (type png)

<use images/sokobanC-ans3.png>
Package pdftex.def Info: images/sokobanC-ans3.png used on input line 423.
(pdftex.def)             Requested size: 33.72649pt x 284.9187pt.

<images/sokobanC-ans4.png, id=203, 108.405pt x 652.4375pt>
File: images/sokobanC-ans4.png Graphic file (type png)

<use images/sokobanC-ans4.png>
Package pdftex.def Info: images/sokobanC-ans4.png used on input line 427.
(pdftex.def)             Requested size: 37.9423pt x 228.35654pt.


LaTeX Warning: `!h' float specifier changed to `!ht'.

[12 <./images/sokoban3-ans1.png> <./images/sokoban3-ans2.png> <./images/sokoban
3-ans3.png> <./images/sokoban3-ans4.png> <./images/sokoban3-ans5.png>] [13 <./i
mages/sokobanC-ans1.png> <./images/sokobanC-ans2.png> <./images/sokobanC-ans3.p
ng> <./images/sokobanC-ans4.png>]

Package xcolor Warning: Incompatible color definition on input line 486.

<images/hanoi-6_1.png, id=215, 307.1475pt x 758.835pt>
File: images/hanoi-6_1.png Graphic file (type png)

<use images/hanoi-6_1.png>
Package pdftex.def Info: images/hanoi-6_1.png used on input line 492.
(pdftex.def)             Requested size: 92.14496pt x 227.65225pt.

<images/hanoi-6_2.png, id=216, 769.87625pt x 541.02126pt>
File: images/hanoi-6_2.png Graphic file (type png)

<use images/hanoi-6_2.png>
Package pdftex.def Info: images/hanoi-6_2.png used on input line 496.
(pdftex.def)             Requested size: 230.96466pt x 162.30762pt.
 [14]
Package hyperref Info: bookmark level for unknown algorithm defaults to 0 on in
put line 512.
 [15 <./images/hanoi-6_1.png> <./images/hanoi-6_2.png>] (./project1.bbl)
Package atveryend Info: Empty hook `BeforeClearDocument' on input line 562.
 [16]
Package atveryend Info: Empty hook `AfterLastShipout' on input line 562.
 (./project1.aux)
Package atveryend Info: Executing hook `AtVeryEndDocument' on input line 562.
Package atveryend Info: Executing hook `AtEndAfterFileList' on input line 562.
Package rerunfilecheck Info: File `project1.out' has not changed.
(rerunfilecheck)             Checksum: 59AA92A0F91E80D2BF23A620C5E614AB;548.
Package atveryend Info: Empty hook `AtVeryVeryEnd' on input line 562.
 ) 
Here is how much of TeX's memory you used:
 9265 strings out of 493485
 138193 string characters out of 3143526
 238912 words of memory out of 3000000
 12335 multiletter control sequences out of 15000+200000
 17482 words of font info for 42 fonts, out of 3000000 for 9000
 957 hyphenation exceptions out of 8191
 36i,9n,38p,836b,394s stack positions out of 5000i,500n,10000p,200000b,50000s
{/usr/share/texmf/fonts/enc/dvips/cm-super/cm-super-t1.enc}</usr/share/texliv
e/texmf-dist/fonts/type1/public/amsfonts/cm/cmmi10.pfb></usr/share/texlive/texm
f-dist/fonts/type1/public/amsfonts/cm/cmmi7.pfb></usr/share/texlive/texmf-dist/
fonts/type1/public/amsfonts/cm/cmr10.pfb></usr/share/texlive/texmf-dist/fonts/t
ype1/public/amsfonts/cm/cmr7.pfb></usr/share/texlive/texmf-dist/fonts/type1/pub
lic/amsfonts/cm/cmsy10.pfb></usr/share/texmf/fonts/type1/public/cm-super/sfbi10
00.pfb></usr/share/texmf/fonts/type1/public/cm-super/sfbx1000.pfb></usr/share/t
exmf/fonts/type1/public/cm-super/sfbx1200.pfb></usr/share/texmf/fonts/type1/pub
lic/cm-super/sfbx1440.pfb></usr/share/texmf/fonts/type1/public/cm-super/sfbx172
8.pfb></usr/share/texmf/fonts/type1/public/cm-super/sfcc1000.pfb></usr/share/te
xmf/fonts/type1/public/cm-super/sfcc1728.pfb></usr/share/texmf/fonts/type1/publ
ic/cm-super/sfrm0800.pfb></usr/share/texmf/fonts/type1/public/cm-super/sfrm1000
.pfb></usr/share/texmf/fonts/type1/public/cm-super/sfrm1200.pfb></usr/share/tex
mf/fonts/type1/public/cm-super/sfti1000.pfb></usr/share/texmf/fonts/type1/publi
c/cm-super/sftt1000.pfb>
Output written on project1.pdf (16 pages, 941937 bytes).
PDF statistics:
 323 PDF objects out of 1000 (max. 8388607)
 251 compressed objects within 3 object streams
 86 named destinations out of 1000 (max. 500000)
 243 words of extra memory for PDF output out of 10000 (max. 10000000)

