Inital
2 2 2 3 2 1 
Target
1 1 6 4 1 2 
Target
Target
Target
Target
Target
Target
Target
Target
Target
Target
Target
Search Begin
Node : 0
Next Sta
2 3 3 2 2 2 
New State ID: 2
Next Sta
2 2 3 3 2 3 
New State ID: 3
Node : 2
Next Sta
3 2 3 3 2 3 
New State ID: 4
Next Sta
2 4 3 2 2 3 
New State ID: 5
Node : 3
Next Sta
Next Sta
2 3 3 3 2 2 
New State ID: 6
Next Sta
2 2 4 3 3 3 
New State ID: 7
Next Sta
2 1 3 3 2 2 
New State ID: 8
Next Sta
2 2 3 2 3 3 
New State ID: 9
Next Sta
2 2 2 3 3 3 
New State ID: 10
Node : 4
Next Sta
3 2 4 3 3 3 
New State ID: 11
Next Sta
2 3 3 2 3 3 
New State ID: 12
Node : 5
Node : 6
Next Sta
2 4 3 3 2 3 
New State ID: 13
Next Sta
2 3 3 4 3 3 
New State ID: 14
Node : 7
Next Sta
Next Sta
2 3 4 3 2 2 
New State ID: 15
Next Sta
2 1 4 3 2 2 
New State ID: 16
Next Sta
1 2 4 3 2 2 
New State ID: 17
Node : 8
Next Sta
Next Sta
2 1 3 4 3 3 
New State ID: 18
Next Sta
2 1 3 2 3 3 
New State ID: 19
Next Sta
2 1 2 3 3 3 
New State ID: 20
Node : 9
Next Sta
Next Sta
Node : 10
Next Sta
1 2 2 3 2 2 
New State ID: 21
Next Sta
1 3 2 2 2 3 
New State ID: 22
Node : 11
Node : 12
Next Sta
Next Sta
1 3 3 2 2 3 
New State ID: 23
Node : 13
Next Sta
2 4 4 3 3 3 
New State ID: 24
Next Sta
2 4 3 4 3 3 
New State ID: 25
Node : 14
Next Sta
3 3 3 4 2 3 
New State ID: 26
Next Sta
Next Sta
1 3 3 4 2 3 
New State ID: 27
Next Sta
2 3 2 4 3 4 
New State ID: 28
Node : 15
Next Sta
3 3 4 3 2 3 
New State ID: 29
Next Sta
Next Sta
Next Sta
1 3 4 3 2 3 
New State ID: 30
Node : 16
Node : 17
Next Sta
Next Sta
1 1 4 3 1 2 
New State ID: 31
Node : 18
Next Sta
2 1 4 4 3 4 
New State ID: 32
Next Sta
2 1 2 4 3 4 
New State ID: 33
Node : 19
Node : 20
Next Sta
Next Sta
Next Sta
2 1 2 2 2 3 
New State ID: 34
Next Sta
1 3 2 1 2 3 
New State ID: 35
Node : 21
Next Sta
1 3 2 3 1 2 
New State ID: 36
Next Sta
1 2 2 4 2 3 
New State ID: 37
Next Sta
1 2 2 2 2 3 
New State ID: 38
Next Sta
1 2 1 3 2 3 
New State ID: 39
Node : 22
Next Sta
Next Sta
Node : 23
Node : 24
Node : 25
Node : 26
Next Sta
3 4 4 3 3 3 
New State ID: 40
Next Sta
3 3 4 4 3 4 
New State ID: 41
Node : 27
Next Sta
1 3 4 4 3 4 
New State ID: 42
Next Sta
1 3 2 4 3 4 
New State ID: 43
Node : 28
Next Sta
Next Sta
Node : 29
Next Sta
Next Sta
Node : 30
Node : 31
Node : 32
Next Sta
2 1 5 4 4 4 
New State ID: 44
Node : 33
Node : 34
Next Sta
Next Sta
1 2 2 1 2 2 
New State ID: 45
Node : 35
Node : 36
Next Sta
Next Sta
Node : 37
Next Sta
Next Sta
1 1 2 4 1 2 
New State ID: 46
Node : 38
Next Sta
1 1 2 2 1 2 
New State ID: 47
Next Sta
Node : 39
Node : 40
Next Sta
4 3 4 4 3 4 
New State ID: 48
Node : 41
Next Sta
Next Sta
3 4 4 4 3 3 
New State ID: 49
Next Sta
3 3 5 4 4 4 
New State ID: 50
Next Sta
3 2 4 4 3 3 
New State ID: 51
Node : 42
Next Sta
1 3 5 4 4 4 
New State ID: 52
Node : 43
Node : 44
Next Sta
2 1 6 4 5 4 
New State ID: 53
Node : 45
Next Sta
1 1 2 1 1 2 
New State ID: 54
Node : 46
Node : 47
Next Sta
1 1 3 2 2 2 
New State ID: 55
Next Sta
Next Sta
1 1 1 2 2 2 
New State ID: 56
Node : 48
Next Sta
4 3 5 4 4 4 
New State ID: 57
Node : 49
Node : 50
Next Sta
Next Sta
3 4 5 4 3 3 
New State ID: 58
Next Sta
3 2 5 4 3 3 
New State ID: 59
Next Sta
2 3 5 4 3 3 
New State ID: 60
Next Sta
3 3 6 4 5 4 
New State ID: 61
Node : 51
Next Sta
Node : 52
Next Sta
1 3 6 4 5 4 
New State ID: 62
Node : 53
Node : 54
Node : 55
Node : 56
Node : 57
Next Sta
4 3 6 4 5 4 
New State ID: 63
Node : 58
Next Sta
4 4 5 4 3 4 
New State ID: 64
Next Sta
3 4 6 4 5 4 
New State ID: 65
Next Sta
2 4 5 4 3 4 
New State ID: 66
Node : 59
Next Sta
3 2 6 4 5 4 
New State ID: 67
Node : 60
Next Sta
Next Sta
Next Sta
2 2 5 4 2 3 
New State ID: 68
Next Sta
Next Sta
2 3 6 4 5 4 
New State ID: 69
Node : 61
Next Sta
Next Sta
Next Sta
Next Sta
Node : 62
Node : 63
Node : 64
Node : 65
Next Sta
4 4 6 4 3 4 
New State ID: 70
Next Sta
2 4 6 4 3 4 
New State ID: 71
Node : 66
Next Sta
Node : 67
Node : 68
Next Sta
Next Sta
Next Sta
Next Sta
1 2 5 4 2 2 
New State ID: 72
Next Sta
2 2 6 4 5 4 
New State ID: 73
Node : 69
Next Sta
Next Sta
Next Sta
Next Sta
Node : 70
Next Sta
5 4 6 4 4 4 
New State ID: 74
Node : 71
Node : 72
Next Sta
Next Sta
1 1 5 4 1 2 
New State ID: 75
Next Sta
1 2 6 4 5 4 
New State ID: 76
Node : 73
Next Sta
Next Sta
Next Sta
Next Sta
Node : 74
Node : 75
Next Sta
Accomplished: 1
ans : 11
