The number of states explored: 77
The number of box movements: 11
-------------------------------
Step: 0
WWWWWW
WD**WW
WMBB*W
WW***W
WWW**W
WWWW*W
WWWWDW
WWWWWW
Step: 1
WWWWWW
WD**WW
W*BM*W
WW*B*W
WWW**W
WWWW*W
WWWWDW
WWWWWW
Step: 2
WWWWWW
WD**WW
W*MB*W
WW*B*W
WWW**W
WWWW*W
WWWWDW
WWWWWW
Step: 3
WWWWWW
WD**WW
W**B*W
WWMB*W
WWW**W
WWWW*W
WWWWDW
WWWWWW
Step: 4
WWWWWW
WD**WW
W**B*W
WW*MBW
WWW**W
WWWW*W
WWWWDW
WWWWWW
Step: 5
WWWWWW
WD**WW
W**B*W
WWM*BW
WWW**W
WWWW*W
WWWWDW
WWWWWW
Step: 6
WWWWWW
WD**WW
W*MB*W
WW**BW
WWW**W
WWWW*W
WWWWDW
WWWWWW
Step: 7
WWWWWW
WDM*WW
W**B*W
WW**BW
WWW**W
WWWW*W
WWWWDW
WWWWWW
Step: 8
WWWWWW
WD*MWW
W**B*W
WW**BW
WWW**W
WWWW*W
WWWWDW
WWWWWW
Step: 9
WWWWWW
WD**WW
W**M*W
WW*BBW
WWW**W
WWWW*W
WWWWDW
WWWWWW
Step: 10
WWWWWW
WD**WW
W***MW
WW*BBW
WWW**W
WWWW*W
WWWWDW
WWWWWW
Step: 11
WWWWWW
WD**WW
W****W
WW*BMW
WWW*BW
WWWW*W
WWWWDW
WWWWWW
Step: 12
WWWWWW
WD**WW
W****W
WW*B*W
WWW*MW
WWWWBW
WWWWDW
WWWWWW
Step: 13
WWWWWW
WD**WW
W****W
WW*B*W
WWWM*W
WWWWBW
WWWWDW
WWWWWW
Step: 14
WWWWWW
WD**WW
W**B*W
WW*M*W
WWW**W
WWWWBW
WWWWDW
WWWWWW
Step: 15
WWWWWW
WD**WW
W**B*W
WW**MW
WWW**W
WWWWBW
WWWWDW
WWWWWW
Step: 16
WWWWWW
WD**WW
W**BMW
WW***W
WWW**W
WWWWBW
WWWWDW
WWWWWW
Step: 17
WWWWWW
WD**WW
W*BM*W
WW***W
WWW**W
WWWWBW
WWWWDW
WWWWWW
Step: 18
WWWWWW
WD**WW
W*B**W
WW*M*W
WWW**W
WWWWBW
WWWWDW
WWWWWW
Step: 19
WWWWWW
WD**WW
W*B**W
WWM**W
WWW**W
WWWWBW
WWWWDW
WWWWWW
Step: 20
WWWWWW
WDB*WW
W*M**W
WW***W
WWW**W
WWWWBW
WWWWDW
WWWWWW
Step: 21
WWWWWW
WDB*WW
W**M*W
WW***W
WWW**W
WWWWBW
WWWWDW
WWWWWW
Step: 22
WWWWWW
WDBMWW
W****W
WW***W
WWW**W
WWWWBW
WWWWDW
WWWWWW
Step: 23
WWWWWW
WBM*WW
W****W
WW***W
WWW**W
WWWWBW
WWWWDW
WWWWWW
Step: 24
WWWWWW
WB**WW
W*M**W
WW***W
WWW**W
WWWWBW
WWWWDW
WWWWWW
Step: 25
WWWWWW
WB**WW
W****W
WWM**W
WWW**W
WWWWBW
WWWWDW
WWWWWW
Step: 26
WWWWWW
WB**WW
W****W
WW*M*W
WWW**W
WWWWBW
WWWWDW
WWWWWW
Step: 27
WWWWWW
WB**WW
W****W
WW***W
WWWM*W
WWWWBW
WWWWDW
WWWWWW
Step: 28
WWWWWW
WB**WW
W****W
WW***W
WWW*MW
WWWWBW
WWWWDW
WWWWWW
Step: 29
WWWWWW
WB**WW
W****W
WW***W
WWW**W
WWWWMW
WWWWBW
WWWWWW
-------------------------------
The number of man movements: 29
