The number of states explored: 344
The number of box movements: 21
-------------------------------
Step: 0
WWWWWWWWWWW
WWWWWWWD**W
WWWWWWWDW*W
WWWWWWWDW*W
W*M*B*B*B*W
W*W*W*W*WWW
W*******WWW
WWWWWWWWWWW
Step: 1
WWWWWWWWWWW
WWWWWWWD**W
WWWWWWWDW*W
WWWWWWWDW*W
W**MB*B*B*W
W*W*W*W*WWW
W*******WWW
WWWWWWWWWWW
Step: 2
WWWWWWWWWWW
WWWWWWWD**W
WWWWWWWDW*W
WWWWWWWDW*W
W***B*B*B*W
W*WMW*W*WWW
W*******WWW
WWWWWWWWWWW
Step: 3
WWWWWWWWWWW
WWWWWWWD**W
WWWWWWWDW*W
WWWWWWWDW*W
W***B*B*B*W
W*W*W*W*WWW
W**M****WWW
WWWWWWWWWWW
Step: 4
WWWWWWWWWWW
WWWWWWWD**W
WWWWWWWDW*W
WWWWWWWDW*W
W***B*B*B*W
W*W*W*W*WWW
W***M***WWW
WWWWWWWWWWW
Step: 5
WWWWWWWWWWW
WWWWWWWD**W
WWWWWWWDW*W
WWWWWWWDW*W
W***B*B*B*W
W*W*W*W*WWW
W****M**WWW
WWWWWWWWWWW
Step: 6
WWWWWWWWWWW
WWWWWWWD**W
WWWWWWWDW*W
WWWWWWWDW*W
W***B*B*B*W
W*W*WMW*WWW
W*******WWW
WWWWWWWWWWW
Step: 7
WWWWWWWWWWW
WWWWWWWD**W
WWWWWWWDW*W
WWWWWWWDW*W
W***BMB*B*W
W*W*W*W*WWW
W*******WWW
WWWWWWWWWWW
Step: 8
WWWWWWWWWWW
WWWWWWWD**W
WWWWWWWDW*W
WWWWWWWDW*W
W**BM*B*B*W
W*W*W*W*WWW
W*******WWW
WWWWWWWWWWW
Step: 9
WWWWWWWWWWW
WWWWWWWD**W
WWWWWWWDW*W
WWWWWWWDW*W
W*BM**B*B*W
W*W*W*W*WWW
W*******WWW
WWWWWWWWWWW
Step: 10
WWWWWWWWWWW
WWWWWWWD**W
WWWWWWWDW*W
WWWWWWWDW*W
W*B***B*B*W
W*WMW*W*WWW
W*******WWW
WWWWWWWWWWW
Step: 11
WWWWWWWWWWW
WWWWWWWD**W
WWWWWWWDW*W
WWWWWWWDW*W
W*B***B*B*W
W*W*W*W*WWW
W**M****WWW
WWWWWWWWWWW
Step: 12
WWWWWWWWWWW
WWWWWWWD**W
WWWWWWWDW*W
WWWWWWWDW*W
W*B***B*B*W
W*W*W*W*WWW
W***M***WWW
WWWWWWWWWWW
Step: 13
WWWWWWWWWWW
WWWWWWWD**W
WWWWWWWDW*W
WWWWWWWDW*W
W*B***B*B*W
W*W*W*W*WWW
W****M**WWW
WWWWWWWWWWW
Step: 14
WWWWWWWWWWW
WWWWWWWD**W
WWWWWWWDW*W
WWWWWWWDW*W
W*B***B*B*W
W*W*W*W*WWW
W*****M*WWW
WWWWWWWWWWW
Step: 15
WWWWWWWWWWW
WWWWWWWD**W
WWWWWWWDW*W
WWWWWWWDW*W
W*B***B*B*W
W*W*W*W*WWW
W******MWWW
WWWWWWWWWWW
Step: 16
WWWWWWWWWWW
WWWWWWWD**W
WWWWWWWDW*W
WWWWWWWDW*W
W*B***B*B*W
W*W*W*WMWWW
W*******WWW
WWWWWWWWWWW
Step: 17
WWWWWWWWWWW
WWWWWWWD**W
WWWWWWWDW*W
WWWWWWWDW*W
W*B***BMB*W
W*W*W*W*WWW
W*******WWW
WWWWWWWWWWW
Step: 18
WWWWWWWWWWW
WWWWWWWD**W
WWWWWWWDW*W
WWWWWWWDW*W
W*B**BM*B*W
W*W*W*W*WWW
W*******WWW
WWWWWWWWWWW
Step: 19
WWWWWWWWWWW
WWWWWWWD**W
WWWWWWWDW*W
WWWWWWWDW*W
W*B*BM**B*W
W*W*W*W*WWW
W*******WWW
WWWWWWWWWWW
Step: 20
WWWWWWWWWWW
WWWWWWWD**W
WWWWWWWDW*W
WWWWWWWDW*W
W*B*B**BM*W
W*W*W*W*WWW
W*******WWW
WWWWWWWWWWW
Step: 21
WWWWWWWWWWW
WWWWWWWD**W
WWWWWWWDW*W
WWWWWWWDW*W
W*B*B**M**W
W*W*W*WBWWW
W*******WWW
WWWWWWWWWWW
Step: 22
WWWWWWWWWWW
WWWWWWWD**W
WWWWWWWDW*W
WWWWWWWDW*W
W*B*B*M***W
W*W*W*WBWWW
W*******WWW
WWWWWWWWWWW
Step: 23
WWWWWWWWWWW
WWWWWWWD**W
WWWWWWWDW*W
WWWWWWWDW*W
W*B*BM****W
W*W*W*WBWWW
W*******WWW
WWWWWWWWWWW
Step: 24
WWWWWWWWWWW
WWWWWWWD**W
WWWWWWWDW*W
WWWWWWWDW*W
W*B*B*****W
W*W*WMWBWWW
W*******WWW
WWWWWWWWWWW
Step: 25
WWWWWWWWWWW
WWWWWWWD**W
WWWWWWWDW*W
WWWWWWWDW*W
W*B*B*****W
W*W*W*WBWWW
W****M**WWW
WWWWWWWWWWW
Step: 26
WWWWWWWWWWW
WWWWWWWD**W
WWWWWWWDW*W
WWWWWWWDW*W
W*B*B*****W
W*W*W*WBWWW
W***M***WWW
WWWWWWWWWWW
Step: 27
WWWWWWWWWWW
WWWWWWWD**W
WWWWWWWDW*W
WWWWWWWDW*W
W*B*B*****W
W*W*W*WBWWW
W**M****WWW
WWWWWWWWWWW
Step: 28
WWWWWWWWWWW
WWWWWWWD**W
WWWWWWWDW*W
WWWWWWWDW*W
W*B*B*****W
W*WMW*WBWWW
W*******WWW
WWWWWWWWWWW
Step: 29
WWWWWWWWWWW
WWWWWWWD**W
WWWWWWWDW*W
WWWWWWWDW*W
W*BMB*****W
W*W*W*WBWWW
W*******WWW
WWWWWWWWWWW
Step: 30
WWWWWWWWWWW
WWWWWWWD**W
WWWWWWWDW*W
WWWWWWWDW*W
W*B*MB****W
W*W*W*WBWWW
W*******WWW
WWWWWWWWWWW
Step: 31
WWWWWWWWWWW
WWWWWWWD**W
WWWWWWWDW*W
WWWWWWWDW*W
W*B**MB***W
W*W*W*WBWWW
W*******WWW
WWWWWWWWWWW
Step: 32
WWWWWWWWWWW
WWWWWWWD**W
WWWWWWWDW*W
WWWWWWWDW*W
W*B***B***W
W*W*WMWBWWW
W*******WWW
WWWWWWWWWWW
Step: 33
WWWWWWWWWWW
WWWWWWWD**W
WWWWWWWDW*W
WWWWWWWDW*W
W*B***B***W
W*W*W*WBWWW
W****M**WWW
WWWWWWWWWWW
Step: 34
WWWWWWWWWWW
WWWWWWWD**W
WWWWWWWDW*W
WWWWWWWDW*W
W*B***B***W
W*W*W*WBWWW
W***M***WWW
WWWWWWWWWWW
Step: 35
WWWWWWWWWWW
WWWWWWWD**W
WWWWWWWDW*W
WWWWWWWDW*W
W*B***B***W
W*W*W*WBWWW
W**M****WWW
WWWWWWWWWWW
Step: 36
WWWWWWWWWWW
WWWWWWWD**W
WWWWWWWDW*W
WWWWWWWDW*W
W*B***B***W
W*W*W*WBWWW
W*M*****WWW
WWWWWWWWWWW
Step: 37
WWWWWWWWWWW
WWWWWWWD**W
WWWWWWWDW*W
WWWWWWWDW*W
W*B***B***W
W*W*W*WBWWW
WM******WWW
WWWWWWWWWWW
Step: 38
WWWWWWWWWWW
WWWWWWWD**W
WWWWWWWDW*W
WWWWWWWDW*W
W*B***B***W
WMW*W*WBWWW
W*******WWW
WWWWWWWWWWW
Step: 39
WWWWWWWWWWW
WWWWWWWD**W
WWWWWWWDW*W
WWWWWWWDW*W
WMB***B***W
W*W*W*WBWWW
W*******WWW
WWWWWWWWWWW
Step: 40
WWWWWWWWWWW
WWWWWWWD**W
WWWWWWWDW*W
WWWWWWWDW*W
W*MB**B***W
W*W*W*WBWWW
W*******WWW
WWWWWWWWWWW
Step: 41
WWWWWWWWWWW
WWWWWWWD**W
WWWWWWWDW*W
WWWWWWWDW*W
W**MB*B***W
W*W*W*WBWWW
W*******WWW
WWWWWWWWWWW
Step: 42
WWWWWWWWWWW
WWWWWWWD**W
WWWWWWWDW*W
WWWWWWWDW*W
W***B*B***W
W*WMW*WBWWW
W*******WWW
WWWWWWWWWWW
Step: 43
WWWWWWWWWWW
WWWWWWWD**W
WWWWWWWDW*W
WWWWWWWDW*W
W***B*B***W
W*W*W*WBWWW
W**M****WWW
WWWWWWWWWWW
Step: 44
WWWWWWWWWWW
WWWWWWWD**W
WWWWWWWDW*W
WWWWWWWDW*W
W***B*B***W
W*W*W*WBWWW
W***M***WWW
WWWWWWWWWWW
Step: 45
WWWWWWWWWWW
WWWWWWWD**W
WWWWWWWDW*W
WWWWWWWDW*W
W***B*B***W
W*W*W*WBWWW
W****M**WWW
WWWWWWWWWWW
Step: 46
WWWWWWWWWWW
WWWWWWWD**W
WWWWWWWDW*W
WWWWWWWDW*W
W***B*B***W
W*W*W*WBWWW
W*****M*WWW
WWWWWWWWWWW
Step: 47
WWWWWWWWWWW
WWWWWWWD**W
WWWWWWWDW*W
WWWWWWWDW*W
W***B*B***W
W*W*W*WBWWW
W******MWWW
WWWWWWWWWWW
Step: 48
WWWWWWWWWWW
WWWWWWWD**W
WWWWWWWDW*W
WWWWWWWDW*W
W***B*BB**W
W*W*W*WMWWW
W*******WWW
WWWWWWWWWWW
Step: 49
WWWWWWWWWWW
WWWWWWWD**W
WWWWWWWDW*W
WWWWWWWBW*W
W***B*BM**W
W*W*W*W*WWW
W*******WWW
WWWWWWWWWWW
Step: 50
WWWWWWWWWWW
WWWWWWWD**W
WWWWWWWBW*W
WWWWWWWMW*W
W***B*B***W
W*W*W*W*WWW
W*******WWW
WWWWWWWWWWW
Step: 51
WWWWWWWWWWW
WWWWWWWB**W
WWWWWWWMW*W
WWWWWWW*W*W
W***B*B***W
W*W*W*W*WWW
W*******WWW
WWWWWWWWWWW
Step: 52
WWWWWWWWWWW
WWWWWWWB**W
WWWWWWW*W*W
WWWWWWWMW*W
W***B*B***W
W*W*W*W*WWW
W*******WWW
WWWWWWWWWWW
Step: 53
WWWWWWWWWWW
WWWWWWWB**W
WWWWWWW*W*W
WWWWWWW*W*W
W***B*BM**W
W*W*W*W*WWW
W*******WWW
WWWWWWWWWWW
Step: 54
WWWWWWWWWWW
WWWWWWWB**W
WWWWWWW*W*W
WWWWWWW*W*W
W***B*B***W
W*W*W*WMWWW
W*******WWW
WWWWWWWWWWW
Step: 55
WWWWWWWWWWW
WWWWWWWB**W
WWWWWWW*W*W
WWWWWWW*W*W
W***B*B***W
W*W*W*W*WWW
W******MWWW
WWWWWWWWWWW
Step: 56
WWWWWWWWWWW
WWWWWWWB**W
WWWWWWW*W*W
WWWWWWW*W*W
W***B*B***W
W*W*W*W*WWW
W*****M*WWW
WWWWWWWWWWW
Step: 57
WWWWWWWWWWW
WWWWWWWB**W
WWWWWWW*W*W
WWWWWWW*W*W
W***B*B***W
W*W*W*W*WWW
W****M**WWW
WWWWWWWWWWW
Step: 58
WWWWWWWWWWW
WWWWWWWB**W
WWWWWWW*W*W
WWWWWWW*W*W
W***B*B***W
W*W*WMW*WWW
W*******WWW
WWWWWWWWWWW
Step: 59
WWWWWWWWWWW
WWWWWWWB**W
WWWWWWW*W*W
WWWWWWW*W*W
W***BMB***W
W*W*W*W*WWW
W*******WWW
WWWWWWWWWWW
Step: 60
WWWWWWWWWWW
WWWWWWWB**W
WWWWWWW*W*W
WWWWWWW*W*W
W***B*MB**W
W*W*W*W*WWW
W*******WWW
WWWWWWWWWWW
Step: 61
WWWWWWWWWWW
WWWWWWWB**W
WWWWWWW*W*W
WWWWWWW*W*W
W***BM*B**W
W*W*W*W*WWW
W*******WWW
WWWWWWWWWWW
Step: 62
WWWWWWWWWWW
WWWWWWWB**W
WWWWWWW*W*W
WWWWWWW*W*W
W***B**B**W
W*W*WMW*WWW
W*******WWW
WWWWWWWWWWW
Step: 63
WWWWWWWWWWW
WWWWWWWB**W
WWWWWWW*W*W
WWWWWWW*W*W
W***B**B**W
W*W*W*W*WWW
W****M**WWW
WWWWWWWWWWW
Step: 64
WWWWWWWWWWW
WWWWWWWB**W
WWWWWWW*W*W
WWWWWWW*W*W
W***B**B**W
W*W*W*W*WWW
W***M***WWW
WWWWWWWWWWW
Step: 65
WWWWWWWWWWW
WWWWWWWB**W
WWWWWWW*W*W
WWWWWWW*W*W
W***B**B**W
W*W*W*W*WWW
W**M****WWW
WWWWWWWWWWW
Step: 66
WWWWWWWWWWW
WWWWWWWB**W
WWWWWWW*W*W
WWWWWWW*W*W
W***B**B**W
W*WMW*W*WWW
W*******WWW
WWWWWWWWWWW
Step: 67
WWWWWWWWWWW
WWWWWWWB**W
WWWWWWW*W*W
WWWWWWW*W*W
W**MB**B**W
W*W*W*W*WWW
W*******WWW
WWWWWWWWWWW
Step: 68
WWWWWWWWWWW
WWWWWWWB**W
WWWWWWW*W*W
WWWWWWW*W*W
W***MB*B**W
W*W*W*W*WWW
W*******WWW
WWWWWWWWWWW
Step: 69
WWWWWWWWWWW
WWWWWWWB**W
WWWWWWW*W*W
WWWWWWW*W*W
W****MBB**W
W*W*W*W*WWW
W*******WWW
WWWWWWWWWWW
Step: 70
WWWWWWWWWWW
WWWWWWWB**W
WWWWWWW*W*W
WWWWWWW*W*W
W*****BB**W
W*W*WMW*WWW
W*******WWW
WWWWWWWWWWW
Step: 71
WWWWWWWWWWW
WWWWWWWB**W
WWWWWWW*W*W
WWWWWWW*W*W
W*****BB**W
W*W*W*W*WWW
W****M**WWW
WWWWWWWWWWW
Step: 72
WWWWWWWWWWW
WWWWWWWB**W
WWWWWWW*W*W
WWWWWWW*W*W
W*****BB**W
W*W*W*W*WWW
W*****M*WWW
WWWWWWWWWWW
Step: 73
WWWWWWWWWWW
WWWWWWWB**W
WWWWWWW*W*W
WWWWWWW*W*W
W*****BB**W
W*W*W*W*WWW
W******MWWW
WWWWWWWWWWW
Step: 74
WWWWWWWWWWW
WWWWWWWB**W
WWWWWWW*W*W
WWWWWWW*W*W
W*****BB**W
W*W*W*WMWWW
W*******WWW
WWWWWWWWWWW
Step: 75
WWWWWWWWWWW
WWWWWWWB**W
WWWWWWW*W*W
WWWWWWWBW*W
W*****BM**W
W*W*W*W*WWW
W*******WWW
WWWWWWWWWWW
Step: 76
WWWWWWWWWWW
WWWWWWWB**W
WWWWWWWBW*W
WWWWWWWMW*W
W*****B***W
W*W*W*W*WWW
W*******WWW
WWWWWWWWWWW
Step: 77
WWWWWWWWWWW
WWWWWWWB**W
WWWWWWWBW*W
WWWWWWW*W*W
W*****BM**W
W*W*W*W*WWW
W*******WWW
WWWWWWWWWWW
Step: 78
WWWWWWWWWWW
WWWWWWWB**W
WWWWWWWBW*W
WWWWWWW*W*W
W*****B***W
W*W*W*WMWWW
W*******WWW
WWWWWWWWWWW
Step: 79
WWWWWWWWWWW
WWWWWWWB**W
WWWWWWWBW*W
WWWWWWW*W*W
W*****B***W
W*W*W*W*WWW
W******MWWW
WWWWWWWWWWW
Step: 80
WWWWWWWWWWW
WWWWWWWB**W
WWWWWWWBW*W
WWWWWWW*W*W
W*****B***W
W*W*W*W*WWW
W*****M*WWW
WWWWWWWWWWW
Step: 81
WWWWWWWWWWW
WWWWWWWB**W
WWWWWWWBW*W
WWWWWWW*W*W
W*****B***W
W*W*W*W*WWW
W****M**WWW
WWWWWWWWWWW
Step: 82
WWWWWWWWWWW
WWWWWWWB**W
WWWWWWWBW*W
WWWWWWW*W*W
W*****B***W
W*W*WMW*WWW
W*******WWW
WWWWWWWWWWW
Step: 83
WWWWWWWWWWW
WWWWWWWB**W
WWWWWWWBW*W
WWWWWWW*W*W
W****MB***W
W*W*W*W*WWW
W*******WWW
WWWWWWWWWWW
Step: 84
WWWWWWWWWWW
WWWWWWWB**W
WWWWWWWBW*W
WWWWWWW*W*W
W*****MB**W
W*W*W*W*WWW
W*******WWW
WWWWWWWWWWW
Step: 85
WWWWWWWWWWW
WWWWWWWB**W
WWWWWWWBW*W
WWWWWWW*W*W
W****M*B**W
W*W*W*W*WWW
W*******WWW
WWWWWWWWWWW
Step: 86
WWWWWWWWWWW
WWWWWWWB**W
WWWWWWWBW*W
WWWWWWW*W*W
W******B**W
W*W*WMW*WWW
W*******WWW
WWWWWWWWWWW
Step: 87
WWWWWWWWWWW
WWWWWWWB**W
WWWWWWWBW*W
WWWWWWW*W*W
W******B**W
W*W*W*W*WWW
W****M**WWW
WWWWWWWWWWW
Step: 88
WWWWWWWWWWW
WWWWWWWB**W
WWWWWWWBW*W
WWWWWWW*W*W
W******B**W
W*W*W*W*WWW
W*****M*WWW
WWWWWWWWWWW
Step: 89
WWWWWWWWWWW
WWWWWWWB**W
WWWWWWWBW*W
WWWWWWW*W*W
W******B**W
W*W*W*W*WWW
W******MWWW
WWWWWWWWWWW
Step: 90
WWWWWWWWWWW
WWWWWWWB**W
WWWWWWWBW*W
WWWWWWW*W*W
W******B**W
W*W*W*WMWWW
W*******WWW
WWWWWWWWWWW
Step: 91
WWWWWWWWWWW
WWWWWWWB**W
WWWWWWWBW*W
WWWWWWWBW*W
W******M**W
W*W*W*W*WWW
W*******WWW
WWWWWWWWWWW
-------------------------------
The number of man movements: 91
