Inital
4 3 2 2 
Target
1 2 1 1 
Target
1 2 1 3 
Target
1 2 2 2 
Target
Target
Target
Target
Target
Target
Target
Target
Target
Target
Search Begin
Node : 0
Next Sta
4 4 4 3 
New State ID: 4
Next Sta
4 2 4 3 
New State ID: 5
Node : 4
Node : 5
Next Sta
5 2 4 2 
New State ID: 6
Next Sta
Next Sta
4 1 4 2 
New State ID: 7
Next Sta
3 2 4 2 
New State ID: 8
Node : 6
Node : 7
Next Sta
5 1 4 1 
New State ID: 9
Next Sta
3 1 4 1 
New State ID: 10
Node : 8
Next Sta
3 3 3 2 
New State ID: 11
Next Sta
Next Sta
2 2 3 2 
New State ID: 12
Node : 9
Node : 10
Node : 11
Next Sta
3 4 3 3 
New State ID: 13
Next Sta
Node : 12
Next Sta
Accomplished: 3
ans : 4
