The number of states explored: 14
The number of box movements: 4
-------------------------------
Step: 0
WWWWWW
W*D*WW
WWMWWW
W****W
W**B*W
W**WWW
WWWWWW
Step: 1
WWWWWW
W*D*WW
WW*WWW
W*M**W
W**B*W
W**WWW
WWWWWW
Step: 2
WWWWWW
W*D*WW
WW*WWW
W**M*W
W**B*W
W**WWW
WWWWWW
Step: 3
WWWWWW
W*D*WW
WW*WWW
W***MW
W**B*W
W**WWW
WWWWWW
Step: 4
WWWWWW
W*D*WW
WW*WWW
W****W
W**BMW
W**WWW
WWWWWW
Step: 5
WWWWWW
W*D*WW
WW*WWW
W****W
W*BM*W
W**WWW
WWWWWW
Step: 6
WWWWWW
W*D*WW
WW*WWW
W**M*W
W*B**W
W**WWW
WWWWWW
Step: 7
WWWWWW
W*D*WW
WW*WWW
W*M**W
W*B**W
W**WWW
WWWWWW
Step: 8
WWWWWW
W*D*WW
WW*WWW
WM***W
W*B**W
W**WWW
WWWWWW
Step: 9
WWWWWW
W*D*WW
WW*WWW
W****W
WMB**W
W**WWW
WWWWWW
Step: 10
WWWWWW
W*D*WW
WW*WWW
W****W
W*B**W
WM*WWW
WWWWWW
Step: 11
WWWWWW
W*D*WW
WW*WWW
W****W
W*B**W
W*MWWW
WWWWWW
Step: 12
WWWWWW
W*D*WW
WW*WWW
W*B**W
W*M**W
W**WWW
WWWWWW
Step: 13
WWWWWW
W*D*WW
WWBWWW
W*M**W
W****W
W**WWW
WWWWWW
Step: 14
WWWWWW
W*B*WW
WWMWWW
W****W
W****W
W**WWW
WWWWWW
-------------------------------
The number of man movements: 14
