The number of states explored: 954
The number of box movements: 18
-------------------------------
Step: 0
WWWWWWW
WWW**WW
WWWB*WW
W*B**MW
W*DDD*W
WWB**WW
WW**WWW
WWWWWWW
Step: 1
WWWWWWW
WWW**WW
WWWB*WW
W*MB**W
W*DDD*W
WWB**WW
WW**WWW
WWWWWWW
Step: 2
WWWWWWW
WWW**WW
WWWB*WW
W**MB*W
W*DDD*W
WWB**WW
WW**WWW
WWWWWWW
Step: 3
WWWWWWW
WWW**WW
WWWB*WW
W***B*W
W*BDD*W
WWM**WW
WW**WWW
WWWWWWW
Step: 4
WWWWWWW
WWW**WW
WWWB*WW
W***B*W
W*MBD*W
WW***WW
WW**WWW
WWWWWWW
Step: 5
WWWWWWW
WWW**WW
WWWB*WW
W**BM*W
W**BD*W
WW***WW
WW**WWW
WWWWWWW
Step: 6
WWWWWWW
WWW**WW
WWWB*WW
W*BM**W
W**BD*W
WW***WW
WW**WWW
WWWWWWW
Step: 7
WWWWWWW
WWW**WW
WWWB*WW
W*B***W
W**MB*W
WW***WW
WW**WWW
WWWWWWW
Step: 8
WWWWWWW
WWW**WW
WWWB*WW
W*BM**W
W***B*W
WW***WW
WW**WWW
WWWWWWW
Step: 9
WWWWWWW
WWW**WW
WWWB*WW
W*B*M*W
W***B*W
WW***WW
WW**WWW
WWWWWWW
Step: 10
WWWWWWW
WWW**WW
WWWBMWW
W*B***W
W***B*W
WW***WW
WW**WWW
WWWWWWW
Step: 11
WWWWWWW
WWW*MWW
WWWB*WW
W*B***W
W***B*W
WW***WW
WW**WWW
WWWWWWW
Step: 12
WWWWWWW
WWWM*WW
WWWB*WW
W*B***W
W***B*W
WW***WW
WW**WWW
WWWWWWW
Step: 13
WWWWWWW
WWW**WW
WWWM*WW
W*BB**W
W***B*W
WW***WW
WW**WWW
WWWWWWW
Step: 14
WWWWWWW
WWW**WW
WWW**WW
W*BM**W
W**BB*W
WW***WW
WW**WWW
WWWWWWW
Step: 15
WWWWWWW
WWW**WW
WWW**WW
W*B***W
W**MB*W
WW*B*WW
WW**WWW
WWWWWWW
Step: 16
WWWWWWW
WWW**WW
WWW**WW
W*B***W
W*M*B*W
WW*B*WW
WW**WWW
WWWWWWW
Step: 17
WWWWWWW
WWW**WW
WWW**WW
W*B***W
WM**B*W
WW*B*WW
WW**WWW
WWWWWWW
Step: 18
WWWWWWW
WWW**WW
WWW**WW
WMB***W
W***B*W
WW*B*WW
WW**WWW
WWWWWWW
Step: 19
WWWWWWW
WWW**WW
WWW**WW
W*MB**W
W***B*W
WW*B*WW
WW**WWW
WWWWWWW
Step: 20
WWWWWWW
WWW**WW
WWW**WW
W**B**W
W*M*B*W
WW*B*WW
WW**WWW
WWWWWWW
Step: 21
WWWWWWW
WWW**WW
WWW**WW
W**B**W
W**MB*W
WW*B*WW
WW**WWW
WWWWWWW
Step: 22
WWWWWWW
WWW**WW
WWWB*WW
W**M**W
W***B*W
WW*B*WW
WW**WWW
WWWWWWW
Step: 23
WWWWWWW
WWW**WW
WWWB*WW
W***M*W
W***B*W
WW*B*WW
WW**WWW
WWWWWWW
Step: 24
WWWWWWW
WWW**WW
WWWB*WW
W****MW
W***B*W
WW*B*WW
WW**WWW
WWWWWWW
Step: 25
WWWWWWW
WWW**WW
WWWB*WW
W*****W
W***BMW
WW*B*WW
WW**WWW
WWWWWWW
Step: 26
WWWWWWW
WWW**WW
WWWB*WW
W*****W
W**BM*W
WW*B*WW
WW**WWW
WWWWWWW
Step: 27
WWWWWWW
WWW**WW
WWWB*WW
W*****W
W**B**W
WW*BMWW
WW**WWW
WWWWWWW
Step: 28
WWWWWWW
WWW**WW
WWWB*WW
W*****W
W**B**W
WWBM*WW
WW**WWW
WWWWWWW
Step: 29
WWWWWWW
WWW**WW
WWWB*WW
W*****W
W**B**W
WWB*MWW
WW**WWW
WWWWWWW
Step: 30
WWWWWWW
WWW**WW
WWWB*WW
W*****W
W**BM*W
WWB**WW
WW**WWW
WWWWWWW
Step: 31
WWWWWWW
WWW**WW
WWWB*WW
W***M*W
W**B**W
WWB**WW
WW**WWW
WWWWWWW
Step: 32
WWWWWWW
WWW**WW
WWWB*WW
W**M**W
W**B**W
WWB**WW
WW**WWW
WWWWWWW
Step: 33
WWWWWWW
WWW**WW
WWWB*WW
W*M***W
W**B**W
WWB**WW
WW**WWW
WWWWWWW
Step: 34
WWWWWWW
WWW**WW
WWWB*WW
W*****W
W*MB**W
WWB**WW
WW**WWW
WWWWWWW
Step: 35
WWWWWWW
WWW**WW
WWWB*WW
W*****W
W**MB*W
WWB**WW
WW**WWW
WWWWWWW
Step: 36
WWWWWWW
WWW**WW
WWWB*WW
W*****W
W***B*W
WWBM*WW
WW**WWW
WWWWWWW
Step: 37
WWWWWWW
WWW**WW
WWWB*WW
W*****W
W***B*W
WWB**WW
WW*MWWW
WWWWWWW
Step: 38
WWWWWWW
WWW**WW
WWWB*WW
W*****W
W***B*W
WWB**WW
WWM*WWW
WWWWWWW
Step: 39
WWWWWWW
WWW**WW
WWWB*WW
W*****W
W*B*B*W
WWM**WW
WW**WWW
WWWWWWW
Step: 40
WWWWWWW
WWW**WW
WWWB*WW
W*****W
W*B*B*W
WW*M*WW
WW**WWW
WWWWWWW
Step: 41
WWWWWWW
WWW**WW
WWWB*WW
W*****W
W*BMB*W
WW***WW
WW**WWW
WWWWWWW
Step: 42
WWWWWWW
WWW**WW
WWWB*WW
W**M**W
W*B*B*W
WW***WW
WW**WWW
WWWWWWW
Step: 43
WWWWWWW
WWW**WW
WWWB*WW
W***M*W
W*B*B*W
WW***WW
WW**WWW
WWWWWWW
Step: 44
WWWWWWW
WWW**WW
WWWBMWW
W*****W
W*B*B*W
WW***WW
WW**WWW
WWWWWWW
Step: 45
WWWWWWW
WWW*MWW
WWWB*WW
W*****W
W*B*B*W
WW***WW
WW**WWW
WWWWWWW
Step: 46
WWWWWWW
WWWM*WW
WWWB*WW
W*****W
W*B*B*W
WW***WW
WW**WWW
WWWWWWW
Step: 47
WWWWWWW
WWW**WW
WWWM*WW
W**B**W
W*B*B*W
WW***WW
WW**WWW
WWWWWWW
Step: 48
WWWWWWW
WWW**WW
WWW**WW
W**M**W
W*BBB*W
WW***WW
WW**WWW
WWWWWWW
-------------------------------
The number of man movements: 48
